e:\work\sourcecode\aoi\aoi\x64\debug\vc140.pdb
e:\work\sourcecode\aoi\aoi\x64\debug\widconfig.obj
e:\work\sourcecode\aoi\aoi\x64\debug\pushbuttonex.obj
e:\work\sourcecode\aoi\aoi\x64\debug\motion_thread.obj
e:\work\sourcecode\aoi\aoi\x64\debug\main.obj
e:\work\sourcecode\aoi\aoi\x64\debug\interface.obj
e:\work\sourcecode\aoi\aoi\x64\debug\moc_widconfig.obj
e:\work\sourcecode\aoi\aoi\x64\debug\moc_pushbuttonex.obj
e:\work\sourcecode\aoi\aoi\x64\debug\moc_motion_thread.obj
e:\work\sourcecode\aoi\aoi\x64\debug\moc_interface.obj
e:\work\sourcecode\aoi\aoi\x64\debug\moc_dockwidgetex.obj
e:\work\sourcecode\aoi\aoi\x64\debug\moc_aoi.obj
e:\work\sourcecode\aoi\aoi\x64\debug\dockwidgetex.obj
e:\work\sourcecode\aoi\aoi\x64\debug\aoi.obj
e:\work\sourcecode\aoi\aoi\x64\debug\qrc_aoi.obj
e:\work\sourcecode\aoi\aoi\generatedfiles\ui_aoi.h
e:\work\sourcecode\aoi\aoi\generatedfiles\debug\moc_dockwidgetex.cpp
e:\work\sourcecode\aoi\aoi\generatedfiles\qrc_aoi.cpp
e:\work\sourcecode\aoi\aoi\generatedfiles\debug\moc_interface.cpp
e:\work\sourcecode\aoi\aoi\generatedfiles\ui_widconfig.h
e:\work\sourcecode\aoi\aoi\generatedfiles\debug\moc_motion_thread.cpp
e:\work\sourcecode\aoi\aoi\generatedfiles\debug\moc_pushbuttonex.cpp
e:\work\sourcecode\aoi\aoi\generatedfiles\debug\moc_aoi.cpp
e:\work\sourcecode\aoi\aoi\generatedfiles\debug\moc_widconfig.cpp
e:\work\sourcecode\aoi\x64\debug\aoi.ilk
e:\work\sourcecode\aoi\x64\debug\aoi.exe
e:\work\sourcecode\aoi\x64\debug\aoi.pdb
e:\work\sourcecode\aoi\aoi\x64\debug\aoi.tlog\cl.command.1.tlog
e:\work\sourcecode\aoi\aoi\x64\debug\aoi.tlog\cl.read.1.tlog
e:\work\sourcecode\aoi\aoi\x64\debug\aoi.tlog\cl.write.1.tlog
e:\work\sourcecode\aoi\aoi\x64\debug\aoi.tlog\custombuild.command.1.tlog
e:\work\sourcecode\aoi\aoi\x64\debug\aoi.tlog\custombuild.read.1.tlog
e:\work\sourcecode\aoi\aoi\x64\debug\aoi.tlog\custombuild.write.1.tlog
e:\work\sourcecode\aoi\aoi\x64\debug\aoi.tlog\link.command.1.tlog
e:\work\sourcecode\aoi\aoi\x64\debug\aoi.tlog\link.read.1.tlog
e:\work\sourcecode\aoi\aoi\x64\debug\aoi.tlog\link.write.1.tlog
