d:\projects\aoi\aoi\x64\release\pushbuttonex.obj
d:\projects\aoi\aoi\x64\release\motion_thread.obj
d:\projects\aoi\aoi\x64\release\main.obj
d:\projects\aoi\aoi\x64\release\interface.obj
d:\projects\aoi\aoi\x64\release\moc_pushbuttonex.obj
d:\projects\aoi\aoi\x64\release\moc_motion_thread.obj
d:\projects\aoi\aoi\x64\release\moc_interface.obj
d:\projects\aoi\aoi\x64\release\moc_dockwidgetex.obj
d:\projects\aoi\aoi\x64\release\moc_aoi.obj
d:\projects\aoi\aoi\x64\release\dockwidgetex.obj
d:\projects\aoi\aoi\x64\release\aoi.obj
d:\projects\aoi\aoi\x64\release\qrc_aoi.obj
d:\projects\aoi\aoi\generatedfiles\ui_aoi.h
d:\projects\aoi\aoi\generatedfiles\release\moc_pushbuttonex.cpp
d:\projects\aoi\aoi\generatedfiles\release\moc_interface.cpp
d:\projects\aoi\aoi\generatedfiles\release\moc_dockwidgetex.cpp
d:\projects\aoi\aoi\generatedfiles\qrc_aoi.cpp
d:\projects\aoi\aoi\generatedfiles\release\moc_aoi.cpp
d:\projects\aoi\aoi\generatedfiles\release\moc_motion_thread.cpp
d:\projects\aoi\x64\release\aoi.exe
d:\projects\aoi\aoi\x64\release\aoi.tlog\cl.command.1.tlog
d:\projects\aoi\aoi\x64\release\aoi.tlog\cl.read.1.tlog
d:\projects\aoi\aoi\x64\release\aoi.tlog\cl.write.1.tlog
d:\projects\aoi\aoi\x64\release\aoi.tlog\custombuild.command.1.tlog
d:\projects\aoi\aoi\x64\release\aoi.tlog\custombuild.read.1.tlog
d:\projects\aoi\aoi\x64\release\aoi.tlog\custombuild.write.1.tlog
d:\projects\aoi\aoi\x64\release\aoi.tlog\link.command.1.tlog
d:\projects\aoi\aoi\x64\release\aoi.tlog\link.read.1.tlog
d:\projects\aoi\aoi\x64\release\aoi.tlog\link.write.1.tlog
